<?xml version="1.0" encoding="UTF-8"?>
<!-- Generated by org.testng.reporters.JUnitReportReporter -->
<testsuite hostname="tonybasil" name="eclinic247automation.MedicalHistoryTest" tests="1" failures="0" timestamp="23 Apr 2016 04:12:34 GMT" time="27.413" errors="0">
  <testcase name="addMedicalHistoryAndVerify" time="27.413" classname="eclinic247automation.MedicalHistoryTest"/>
</testsuite> <!-- eclinic247automation.MedicalHistoryTest -->
