<?xml version="1.0" encoding="UTF-8"?>
<!-- Generated by org.testng.reporters.JUnitReportReporter -->
<testsuite hostname="tonybasil" name="eclinic247automation.LoginTest" tests="2" failures="0" timestamp="23 Apr 2016 04:12:34 GMT" time="23.539" errors="0">
  <testcase name="verifyLoginFailure" time="10.924" classname="eclinic247automation.LoginTest"/>
  <testcase name="verifyLoginSuccess" time="12.615" classname="eclinic247automation.LoginTest"/>
</testsuite> <!-- eclinic247automation.LoginTest -->
